<?xml version="1.0" encoding="UTF-8"?>
<!-- Generated by org.testng.reporters.JUnitXMLReporter -->
<testsuite ignored="0" hostname="LAPTOP-HE3IJ9BH" failures="0" tests="8" name="Test" time="61.053" errors="0" timestamp="2024-03-26T11:13:37 IST">
  <testcase classname="TestDrive.BrokenLinksTest" name="BrokenLinkTest" time="0.846"/>
  <testcase classname="TestDrive.LoginPageTest" name="Login" time="0.001"/>
  <testcase classname="TestDrive.OrgIDTest" name="Login" time="0.141"/>
  <testcase classname="TestDrive.EmailIDTest" name="Login" time="0.143"/>
  <testcase classname="TestDrive.PasswordTest" name="Pass" time="0.113"/>
  <testcase classname="TestDrive.ForgetPassTest" name="Forget" time="0.084"/>
  <testcase classname="TestDrive.OTPLoginTest" name="OTPLogin" time="0.09"/>
  <testcase classname="TestDrive.TicketTest" name="Tick" time="0.102"/>
</testsuite> <!-- Test -->
