<?xml version="1.0" encoding="UTF-8"?>
<!-- Generated by org.testng.reporters.JUnitXMLReporter -->
<testsuite ignored="0" hostname="LAPTOP-HE3IJ9BH" failures="0" tests="8" name="Test" time="64.409" errors="0" timestamp="2024-03-26T02:47:23 IST">
  <testcase classname="TestDrive.BrokenLinksTest" name="BrokenLinkTest" time="0.573"/>
  <testcase classname="TestDrive.LoginPageTest" name="Login" time="0.001"/>
  <testcase classname="TestDrive.OrgIDTest" name="Login" time="0.136"/>
  <testcase classname="TestDrive.EmailIDTest" name="Login" time="0.124"/>
  <testcase classname="TestDrive.PasswordTest" name="Pass" time="0.094"/>
  <testcase classname="TestDrive.ForgetPassTest" name="Forget" time="0.073"/>
  <testcase classname="TestDrive.OTPLoginTest" name="OTPLogin" time="0.081"/>
  <testcase classname="TestDrive.TicketTest" name="Tick" time="0.086"/>
</testsuite> <!-- Test -->
