<?xml version="1.0" encoding="UTF-8"?>
<testng-results ignored="0" total="8" passed="8" failed="0" skipped="0">
  <reporter-output>
  </reporter-output>
  <suite started-at="2024-03-26T11:12:36 IST" name="Suite" finished-at="2024-03-26T11:13:37 IST" duration-ms="61053">
    <groups>
    </groups>
    <test started-at="2024-03-26T11:12:36 IST" name="Test" finished-at="2024-03-26T11:13:37 IST" duration-ms="61053">
      <class name="TestDrive.PasswordTest">
        <test-method is-config="true" signature="Startup()[pri:0, instance:TestDrive.PasswordTest@3daf7722]" started-at="2024-03-26T11:13:09 IST" name="Startup" finished-at="2024-03-26T11:13:13 IST" duration-ms="3591" status="PASS">
          <reporter-output>
          </reporter-output>
        </test-method> <!-- Startup -->
        <test-method signature="Pass()[pri:0, instance:TestDrive.PasswordTest@3daf7722]" started-at="2024-03-26T11:13:13 IST" name="Pass" finished-at="2024-03-26T11:13:13 IST" duration-ms="113" status="PASS">
          <reporter-output>
          </reporter-output>
        </test-method> <!-- Pass -->
        <test-method is-config="true" signature="Closeup()[pri:0, instance:TestDrive.PasswordTest@3daf7722]" started-at="2024-03-26T11:13:13 IST" name="Closeup" finished-at="2024-03-26T11:13:16 IST" duration-ms="3145" status="PASS">
          <reporter-output>
          </reporter-output>
        </test-method> <!-- Closeup -->
      </class> <!-- TestDrive.PasswordTest -->
      <class name="TestDrive.TicketTest">
        <test-method is-config="true" signature="Startup()[pri:0, instance:TestDrive.TicketTest@1fc32e4f]" started-at="2024-03-26T11:13:30 IST" name="Startup" finished-at="2024-03-26T11:13:34 IST" duration-ms="3833" status="PASS">
          <reporter-output>
          </reporter-output>
        </test-method> <!-- Startup -->
        <test-method signature="Tick()[pri:0, instance:TestDrive.TicketTest@1fc32e4f]" started-at="2024-03-26T11:13:34 IST" name="Tick" finished-at="2024-03-26T11:13:34 IST" duration-ms="102" status="PASS">
          <reporter-output>
          </reporter-output>
        </test-method> <!-- Tick -->
        <test-method is-config="true" signature="Closeup()[pri:0, instance:TestDrive.TicketTest@1fc32e4f]" started-at="2024-03-26T11:13:34 IST" name="Closeup" finished-at="2024-03-26T11:13:37 IST" duration-ms="3151" status="PASS">
          <reporter-output>
          </reporter-output>
        </test-method> <!-- Closeup -->
      </class> <!-- TestDrive.TicketTest -->
      <class name="TestDrive.ForgetPassTest">
        <test-method is-config="true" signature="Startup()[pri:0, instance:TestDrive.ForgetPassTest@78641d23]" started-at="2024-03-26T11:13:16 IST" name="Startup" finished-at="2024-03-26T11:13:20 IST" duration-ms="3793" status="PASS">
          <reporter-output>
          </reporter-output>
        </test-method> <!-- Startup -->
        <test-method signature="Forget()[pri:0, instance:TestDrive.ForgetPassTest@78641d23]" started-at="2024-03-26T11:13:20 IST" name="Forget" finished-at="2024-03-26T11:13:20 IST" duration-ms="84" status="PASS">
          <reporter-output>
          </reporter-output>
        </test-method> <!-- Forget -->
        <test-method is-config="true" signature="Closeup()[pri:0, instance:TestDrive.ForgetPassTest@78641d23]" started-at="2024-03-26T11:13:20 IST" name="Closeup" finished-at="2024-03-26T11:13:23 IST" duration-ms="3162" status="PASS">
          <reporter-output>
          </reporter-output>
        </test-method> <!-- Closeup -->
      </class> <!-- TestDrive.ForgetPassTest -->
      <class name="TestDrive.EmailIDTest">
        <test-method is-config="true" signature="Startup()[pri:0, instance:TestDrive.EmailIDTest@5f354bcf]" started-at="2024-03-26T11:13:02 IST" name="Startup" finished-at="2024-03-26T11:13:06 IST" duration-ms="4056" status="PASS">
          <reporter-output>
          </reporter-output>
        </test-method> <!-- Startup -->
        <test-method signature="Login()[pri:0, instance:TestDrive.EmailIDTest@5f354bcf]" started-at="2024-03-26T11:13:06 IST" name="Login" finished-at="2024-03-26T11:13:06 IST" duration-ms="143" status="PASS">
          <reporter-output>
          </reporter-output>
        </test-method> <!-- Login -->
        <test-method is-config="true" signature="Closeup()[pri:0, instance:TestDrive.EmailIDTest@5f354bcf]" started-at="2024-03-26T11:13:06 IST" name="Closeup" finished-at="2024-03-26T11:13:09 IST" duration-ms="3170" status="PASS">
          <reporter-output>
          </reporter-output>
        </test-method> <!-- Closeup -->
      </class> <!-- TestDrive.EmailIDTest -->
      <class name="TestDrive.OTPLoginTest">
        <test-method is-config="true" signature="Startup()[pri:0, instance:TestDrive.OTPLoginTest@74589991]" started-at="2024-03-26T11:13:23 IST" name="Startup" finished-at="2024-03-26T11:13:27 IST" duration-ms="3857" status="PASS">
          <reporter-output>
          </reporter-output>
        </test-method> <!-- Startup -->
        <test-method signature="OTPLogin()[pri:0, instance:TestDrive.OTPLoginTest@74589991]" started-at="2024-03-26T11:13:27 IST" name="OTPLogin" finished-at="2024-03-26T11:13:27 IST" duration-ms="90" status="PASS">
          <reporter-output>
          </reporter-output>
        </test-method> <!-- OTPLogin -->
        <test-method is-config="true" signature="Closeup()[pri:0, instance:TestDrive.OTPLoginTest@74589991]" started-at="2024-03-26T11:13:27 IST" name="Closeup" finished-at="2024-03-26T11:13:30 IST" duration-ms="3182" status="PASS">
          <reporter-output>
          </reporter-output>
        </test-method> <!-- Closeup -->
      </class> <!-- TestDrive.OTPLoginTest -->
      <class name="TestDrive.LoginPageTest">
        <test-method is-config="true" signature="Startup()[pri:0, instance:TestDrive.LoginPageTest@67545b57]" started-at="2024-03-26T11:12:46 IST" name="Startup" finished-at="2024-03-26T11:12:51 IST" duration-ms="4952" status="PASS">
          <reporter-output>
          </reporter-output>
        </test-method> <!-- Startup -->
        <test-method signature="Login()[pri:0, instance:TestDrive.LoginPageTest@67545b57]" started-at="2024-03-26T11:12:51 IST" name="Login" finished-at="2024-03-26T11:12:51 IST" duration-ms="1" status="PASS">
          <reporter-output>
          </reporter-output>
        </test-method> <!-- Login -->
        <test-method is-config="true" signature="Closeup()[pri:0, instance:TestDrive.LoginPageTest@67545b57]" started-at="2024-03-26T11:12:51 IST" name="Closeup" finished-at="2024-03-26T11:12:54 IST" duration-ms="3189" status="PASS">
          <reporter-output>
          </reporter-output>
        </test-method> <!-- Closeup -->
      </class> <!-- TestDrive.LoginPageTest -->
      <class name="TestDrive.OrgIDTest">
        <test-method is-config="true" signature="Startup()[pri:0, instance:TestDrive.OrgIDTest@6c2c1385]" started-at="2024-03-26T11:12:54 IST" name="Startup" finished-at="2024-03-26T11:12:58 IST" duration-ms="4297" status="PASS">
          <reporter-output>
          </reporter-output>
        </test-method> <!-- Startup -->
        <test-method signature="Login()[pri:0, instance:TestDrive.OrgIDTest@6c2c1385]" started-at="2024-03-26T11:12:58 IST" name="Login" finished-at="2024-03-26T11:12:58 IST" duration-ms="141" status="PASS">
          <reporter-output>
          </reporter-output>
        </test-method> <!-- Login -->
        <test-method is-config="true" signature="Closeup()[pri:0, instance:TestDrive.OrgIDTest@6c2c1385]" started-at="2024-03-26T11:12:58 IST" name="Closeup" finished-at="2024-03-26T11:13:02 IST" duration-ms="3156" status="PASS">
          <reporter-output>
          </reporter-output>
        </test-method> <!-- Closeup -->
      </class> <!-- TestDrive.OrgIDTest -->
      <class name="TestDrive.BrokenLinksTest">
        <test-method is-config="true" signature="Startup()[pri:0, instance:TestDrive.BrokenLinksTest@1583741e]" started-at="2024-03-26T11:12:36 IST" name="Startup" finished-at="2024-03-26T11:12:42 IST" duration-ms="5922" status="PASS">
          <reporter-output>
          </reporter-output>
        </test-method> <!-- Startup -->
        <test-method signature="BrokenLinkTest()[pri:0, instance:TestDrive.BrokenLinksTest@1583741e]" started-at="2024-03-26T11:12:42 IST" name="BrokenLinkTest" finished-at="2024-03-26T11:12:43 IST" duration-ms="846" status="PASS">
          <reporter-output>
          </reporter-output>
        </test-method> <!-- BrokenLinkTest -->
        <test-method is-config="true" signature="Closeup()[pri:0, instance:TestDrive.BrokenLinksTest@1583741e]" started-at="2024-03-26T11:12:43 IST" name="Closeup" finished-at="2024-03-26T11:12:46 IST" duration-ms="3006" status="PASS">
          <reporter-output>
          </reporter-output>
        </test-method> <!-- Closeup -->
      </class> <!-- TestDrive.BrokenLinksTest -->
    </test> <!-- Test -->
  </suite> <!-- Suite -->
</testng-results>
