<?xml version="1.0" encoding="UTF-8"?>
<testng-results ignored="0" total="8" passed="8" failed="0" skipped="0">
  <reporter-output>
  </reporter-output>
  <suite started-at="2024-03-26T02:46:18 IST" name="Suite" finished-at="2024-03-26T02:47:23 IST" duration-ms="64409">
    <groups>
    </groups>
    <test started-at="2024-03-26T02:46:18 IST" name="Test" finished-at="2024-03-26T02:47:23 IST" duration-ms="64409">
      <class name="TestDrive.PasswordTest">
        <test-method is-config="true" signature="Startup()[pri:0, instance:TestDrive.PasswordTest@3daf7722]" started-at="2024-03-26T02:46:50 IST" name="Startup" finished-at="2024-03-26T02:46:54 IST" duration-ms="3937" status="PASS">
          <reporter-output>
          </reporter-output>
        </test-method> <!-- Startup -->
        <test-method signature="Pass()[pri:0, instance:TestDrive.PasswordTest@3daf7722]" started-at="2024-03-26T02:46:54 IST" name="Pass" finished-at="2024-03-26T02:46:54 IST" duration-ms="94" status="PASS">
          <reporter-output>
          </reporter-output>
        </test-method> <!-- Pass -->
        <test-method is-config="true" signature="Closeup()[pri:0, instance:TestDrive.PasswordTest@3daf7722]" started-at="2024-03-26T02:46:54 IST" name="Closeup" finished-at="2024-03-26T02:46:57 IST" duration-ms="3162" status="PASS">
          <reporter-output>
          </reporter-output>
        </test-method> <!-- Closeup -->
      </class> <!-- TestDrive.PasswordTest -->
      <class name="TestDrive.TicketTest">
        <test-method is-config="true" signature="Startup()[pri:0, instance:TestDrive.TicketTest@1fc32e4f]" started-at="2024-03-26T02:47:16 IST" name="Startup" finished-at="2024-03-26T02:47:20 IST" duration-ms="4009" status="PASS">
          <reporter-output>
          </reporter-output>
        </test-method> <!-- Startup -->
        <test-method signature="Tick()[pri:0, instance:TestDrive.TicketTest@1fc32e4f]" started-at="2024-03-26T02:47:20 IST" name="Tick" finished-at="2024-03-26T02:47:20 IST" duration-ms="86" status="PASS">
          <reporter-output>
          </reporter-output>
        </test-method> <!-- Tick -->
        <test-method is-config="true" signature="Closeup()[pri:0, instance:TestDrive.TicketTest@1fc32e4f]" started-at="2024-03-26T02:47:20 IST" name="Closeup" finished-at="2024-03-26T02:47:23 IST" duration-ms="3143" status="PASS">
          <reporter-output>
          </reporter-output>
        </test-method> <!-- Closeup -->
      </class> <!-- TestDrive.TicketTest -->
      <class name="TestDrive.ForgetPassTest">
        <test-method is-config="true" signature="Startup()[pri:0, instance:TestDrive.ForgetPassTest@78641d23]" started-at="2024-03-26T02:46:57 IST" name="Startup" finished-at="2024-03-26T02:47:01 IST" duration-ms="3794" status="PASS">
          <reporter-output>
          </reporter-output>
        </test-method> <!-- Startup -->
        <test-method signature="Forget()[pri:0, instance:TestDrive.ForgetPassTest@78641d23]" started-at="2024-03-26T02:47:01 IST" name="Forget" finished-at="2024-03-26T02:47:01 IST" duration-ms="73" status="PASS">
          <reporter-output>
          </reporter-output>
        </test-method> <!-- Forget -->
        <test-method is-config="true" signature="Closeup()[pri:0, instance:TestDrive.ForgetPassTest@78641d23]" started-at="2024-03-26T02:47:01 IST" name="Closeup" finished-at="2024-03-26T02:47:04 IST" duration-ms="3165" status="PASS">
          <reporter-output>
          </reporter-output>
        </test-method> <!-- Closeup -->
      </class> <!-- TestDrive.ForgetPassTest -->
      <class name="TestDrive.EmailIDTest">
        <test-method is-config="true" signature="Startup()[pri:0, instance:TestDrive.EmailIDTest@5f354bcf]" started-at="2024-03-26T02:46:43 IST" name="Startup" finished-at="2024-03-26T02:46:47 IST" duration-ms="3966" status="PASS">
          <reporter-output>
          </reporter-output>
        </test-method> <!-- Startup -->
        <test-method signature="Login()[pri:0, instance:TestDrive.EmailIDTest@5f354bcf]" started-at="2024-03-26T02:46:47 IST" name="Login" finished-at="2024-03-26T02:46:47 IST" duration-ms="124" status="PASS">
          <reporter-output>
          </reporter-output>
        </test-method> <!-- Login -->
        <test-method is-config="true" signature="Closeup()[pri:0, instance:TestDrive.EmailIDTest@5f354bcf]" started-at="2024-03-26T02:46:47 IST" name="Closeup" finished-at="2024-03-26T02:46:50 IST" duration-ms="3161" status="PASS">
          <reporter-output>
          </reporter-output>
        </test-method> <!-- Closeup -->
      </class> <!-- TestDrive.EmailIDTest -->
      <class name="TestDrive.OTPLoginTest">
        <test-method is-config="true" signature="Startup()[pri:0, instance:TestDrive.OTPLoginTest@74589991]" started-at="2024-03-26T02:47:04 IST" name="Startup" finished-at="2024-03-26T02:47:12 IST" duration-ms="7980" status="PASS">
          <reporter-output>
          </reporter-output>
        </test-method> <!-- Startup -->
        <test-method signature="OTPLogin()[pri:0, instance:TestDrive.OTPLoginTest@74589991]" started-at="2024-03-26T02:47:12 IST" name="OTPLogin" finished-at="2024-03-26T02:47:12 IST" duration-ms="81" status="PASS">
          <reporter-output>
          </reporter-output>
        </test-method> <!-- OTPLogin -->
        <test-method is-config="true" signature="Closeup()[pri:0, instance:TestDrive.OTPLoginTest@74589991]" started-at="2024-03-26T02:47:12 IST" name="Closeup" finished-at="2024-03-26T02:47:16 IST" duration-ms="3147" status="PASS">
          <reporter-output>
          </reporter-output>
        </test-method> <!-- Closeup -->
      </class> <!-- TestDrive.OTPLoginTest -->
      <class name="TestDrive.LoginPageTest">
        <test-method is-config="true" signature="Startup()[pri:0, instance:TestDrive.LoginPageTest@67545b57]" started-at="2024-03-26T02:46:27 IST" name="Startup" finished-at="2024-03-26T02:46:33 IST" duration-ms="5396" status="PASS">
          <reporter-output>
          </reporter-output>
        </test-method> <!-- Startup -->
        <test-method signature="Login()[pri:0, instance:TestDrive.LoginPageTest@67545b57]" started-at="2024-03-26T02:46:33 IST" name="Login" finished-at="2024-03-26T02:46:33 IST" duration-ms="1" status="PASS">
          <reporter-output>
          </reporter-output>
        </test-method> <!-- Login -->
        <test-method is-config="true" signature="Closeup()[pri:0, instance:TestDrive.LoginPageTest@67545b57]" started-at="2024-03-26T02:46:33 IST" name="Closeup" finished-at="2024-03-26T02:46:36 IST" duration-ms="3174" status="PASS">
          <reporter-output>
          </reporter-output>
        </test-method> <!-- Closeup -->
      </class> <!-- TestDrive.LoginPageTest -->
      <class name="TestDrive.BrokenLinksTest">
        <test-method is-config="true" signature="Startup()[pri:0, instance:TestDrive.BrokenLinksTest@1583741e]" started-at="2024-03-26T02:46:18 IST" name="Startup" finished-at="2024-03-26T02:46:24 IST" duration-ms="5223" status="PASS">
          <reporter-output>
          </reporter-output>
        </test-method> <!-- Startup -->
        <test-method signature="BrokenLinkTest()[pri:0, instance:TestDrive.BrokenLinksTest@1583741e]" started-at="2024-03-26T02:46:24 IST" name="BrokenLinkTest" finished-at="2024-03-26T02:46:24 IST" duration-ms="573" status="PASS">
          <reporter-output>
          </reporter-output>
        </test-method> <!-- BrokenLinkTest -->
        <test-method is-config="true" signature="Closeup()[pri:0, instance:TestDrive.BrokenLinksTest@1583741e]" started-at="2024-03-26T02:46:24 IST" name="Closeup" finished-at="2024-03-26T02:46:27 IST" duration-ms="3008" status="PASS">
          <reporter-output>
          </reporter-output>
        </test-method> <!-- Closeup -->
      </class> <!-- TestDrive.BrokenLinksTest -->
      <class name="TestDrive.OrgIDTest">
        <test-method is-config="true" signature="Startup()[pri:0, instance:TestDrive.OrgIDTest@6c2c1385]" started-at="2024-03-26T02:46:36 IST" name="Startup" finished-at="2024-03-26T02:46:40 IST" duration-ms="3805" status="PASS">
          <reporter-output>
          </reporter-output>
        </test-method> <!-- Startup -->
        <test-method signature="Login()[pri:0, instance:TestDrive.OrgIDTest@6c2c1385]" started-at="2024-03-26T02:46:40 IST" name="Login" finished-at="2024-03-26T02:46:40 IST" duration-ms="136" status="PASS">
          <reporter-output>
          </reporter-output>
        </test-method> <!-- Login -->
        <test-method is-config="true" signature="Closeup()[pri:0, instance:TestDrive.OrgIDTest@6c2c1385]" started-at="2024-03-26T02:46:40 IST" name="Closeup" finished-at="2024-03-26T02:46:43 IST" duration-ms="3126" status="PASS">
          <reporter-output>
          </reporter-output>
        </test-method> <!-- Closeup -->
      </class> <!-- TestDrive.OrgIDTest -->
    </test> <!-- Test -->
  </suite> <!-- Suite -->
</testng-results>
